0 info it worked if it ends with ok
1 verbose cli [ '/usr/local/bin/node',
1 verbose cli   '/usr/local/bin/npm',
1 verbose cli   'install',
1 verbose cli   'https://github.com/CodeFalling/hexo-asset-image',
1 verbose cli   '--save' ]
2 info using npm@2.15.9
3 info using node@v4.5.0
4 verbose install initial load of /home/andy/MyBlog/package.json
5 verbose installManyTop reading scoped package data from /home/andy/MyBlog/node_modules/hexo/package.json
6 verbose installManyTop reading scoped package data from /home/andy/MyBlog/node_modules/hexo-asset-image/package.json
7 verbose installManyTop reading scoped package data from /home/andy/MyBlog/node_modules/hexo-deployer-git/package.json
8 verbose installManyTop reading scoped package data from /home/andy/MyBlog/node_modules/hexo-generator-archive/package.json
9 verbose installManyTop reading scoped package data from /home/andy/MyBlog/node_modules/hexo-generator-category/package.json
10 verbose installManyTop reading scoped package data from /home/andy/MyBlog/node_modules/hexo-generator-index/package.json
11 verbose installManyTop reading scoped package data from /home/andy/MyBlog/node_modules/hexo-generator-tag/package.json
12 verbose installManyTop reading scoped package data from /home/andy/MyBlog/node_modules/hexo-renderer-ejs/package.json
13 verbose installManyTop reading scoped package data from /home/andy/MyBlog/node_modules/hexo-renderer-marked/package.json
14 verbose installManyTop reading scoped package data from /home/andy/MyBlog/node_modules/hexo-renderer-stylus/package.json
15 verbose installManyTop reading scoped package data from /home/andy/MyBlog/node_modules/hexo-server/package.json
16 info package.json hexo-asset-image@0.0.3 No repository field.
17 info package.json hexo-renderer-ejs@0.1.0 license should be a valid SPDX license expression
18 verbose readDependencies loading dependencies from /home/andy/MyBlog/package.json
19 silly cache add args [ 'https://github.com/CodeFalling/hexo-asset-image', null ]
20 verbose cache add spec https://github.com/CodeFalling/hexo-asset-image
21 silly cache add parsed spec Result {
21 silly cache add   raw: 'https://github.com/CodeFalling/hexo-asset-image',
21 silly cache add   scope: null,
21 silly cache add   name: null,
21 silly cache add   rawSpec: 'https://github.com/CodeFalling/hexo-asset-image',
21 silly cache add   spec: 'git+https://github.com/CodeFalling/hexo-asset-image.git',
21 silly cache add   type: 'hosted',
21 silly cache add   hosted:
21 silly cache add    { type: 'github',
21 silly cache add      ssh: 'git@github.com:CodeFalling/hexo-asset-image.git',
21 silly cache add      sshUrl: 'git+ssh://git@github.com/CodeFalling/hexo-asset-image.git',
21 silly cache add      httpsUrl: 'git+https://github.com/CodeFalling/hexo-asset-image.git',
21 silly cache add      gitUrl: 'git://github.com/CodeFalling/hexo-asset-image.git',
21 silly cache add      shortcut: 'github:CodeFalling/hexo-asset-image',
21 silly cache add      directUrl: 'https://raw.githubusercontent.com/CodeFalling/hexo-asset-image/master/package.json' } }
22 verbose addRemoteGit caching https://github.com/CodeFalling/hexo-asset-image
23 verbose addRemoteGit git+https://github.com/CodeFalling/hexo-asset-image.git is a repository hosted by github
24 silly tryClone cloning git+https://github.com/CodeFalling/hexo-asset-image.git via git+https://github.com/CodeFalling/hexo-asset-image.git
25 verbose tryClone https-github-com-CodeFalling-hexo-asset-image-git-1ee6dc93 not in flight; caching
26 verbose correctMkdir /home/andy/.npm/_git-remotes correctMkdir not in flight; initializing
27 info git [ 'config', '--get', 'remote.origin.url' ]
28 silly validateExistingRemote git+https://github.com/CodeFalling/hexo-asset-image.git remote.origin.url: https://github.com/CodeFalling/hexo-asset-image.git
29 verbose validateExistingRemote git+https://github.com/CodeFalling/hexo-asset-image.git is updating existing cached remote /home/andy/.npm/_git-remotes/https-github-com-CodeFalling-hexo-asset-image-git-1ee6dc93
30 info git [ 'fetch', '-a', 'origin' ]
31 error git fetch -a origin (https://github.com/CodeFalling/hexo-asset-image.git) fatal: unable to access 'https://github.com/CodeFalling/hexo-asset-image.git/': Failed to connect to 127.0.0.1 port 1080: Connection refused
32 verbose stack Error: Command failed: git fetch -a origin
32 verbose stack fatal: unable to access 'https://github.com/CodeFalling/hexo-asset-image.git/': Failed to connect to 127.0.0.1 port 1080: Connection refused
32 verbose stack
32 verbose stack     at ChildProcess.exithandler (child_process.js:213:12)
32 verbose stack     at emitTwo (events.js:87:13)
32 verbose stack     at ChildProcess.emit (events.js:172:7)
32 verbose stack     at maybeClose (internal/child_process.js:829:16)
32 verbose stack     at Process.ChildProcess._handle.onexit (internal/child_process.js:211:5)
33 verbose cwd /home/andy/MyBlog
34 error Linux 3.19.0-80-generic
35 error argv "/usr/local/bin/node" "/usr/local/bin/npm" "install" "https://github.com/CodeFalling/hexo-asset-image" "--save"
36 error node v4.5.0
37 error npm  v2.15.9
38 error code 128
39 error Command failed: git fetch -a origin
39 error fatal: unable to access 'https://github.com/CodeFalling/hexo-asset-image.git/': Failed to connect to 127.0.0.1 port 1080: Connection refused
40 error If you need help, you may report this error at:
40 error     <https://github.com/npm/npm/issues>
41 verbose exit [ 1, true ]
